  agent.cpp
  compiler vs2015
  context.cpp
  namedevent.cpp
  propertynode.cpp
  state_t.cpp
  taskmethod.cpp
  attachaction.cpp
  Effector.cpp
  event.cpp
  Precondition.cpp
  behaviortree.cpp
  behaviortree_task.cpp
  action.cpp
  assignment.cpp
  compute.cpp
  end.cpp
  noop.cpp
  wait.cpp
  waitforsignal.cpp
  waitframes.cpp
  正在生成代码...
  正在编译...
  compositestochastic.cpp
  ifelse.cpp
  parallel.cpp
  referencebehavior.cpp
  selector.cpp
  selectorloop.cpp
  selectorprobability.cpp
  selectorstochastic.cpp
  sequence.cpp
  sequencestochastic.cpp
  withprecondition.cpp
  and.cpp
  condition.cpp
  conditionbase.cpp
  false.cpp
  or.cpp
  true.cpp
  decoratoralwaysfailure.cpp
  decoratoralwaysrunning.cpp
  decoratoralwayssuccess.cpp
  正在生成代码...
  正在编译...
  decoratorcount.cpp
  decoratorcountlimit.cpp
  decoratorfailureuntil.cpp
  decoratorframes.cpp
  decoratoriterator.cpp
  decoratorlog.cpp
  decoratorloop.cpp
  decoratorloopuntil.cpp
  decoratornot.cpp
  decoratorrepeat.cpp
  decoratorsuccessuntil.cpp
  decoratortime.cpp
  decoratorweight.cpp
  registernodes.cpp
  assert.cpp
  base.cpp
  convertutf.cpp
  crc.cpp
  factory.cpp
  file.cpp
  正在生成代码...
  正在编译...
  filemanager.cpp
  filesystem_gcc.cpp
  filesystem_vcc.cpp
  listfiles.cpp
  logger.cpp
  logmanager.cpp
  memory.cpp
  meta.cpp
  tagobject.cpp
  operation.cpp
  profiler.cpp
  randomgenerator.cpp
  rttibase.cpp
  textnode.cpp
  defaultsocketwrapper_gcc.cpp
  defaultsocketwrapper_vcc.cpp
  socketconnect.cpp
  socketconnect_base.cpp
  stringcrc.cpp
  stringutils.cpp
  正在生成代码...
  正在编译...
  system_gcc.cpp
  system_vcc.cpp
  mutex_gcc.cpp
  mutex_vcc.cpp
  wrapper.cpp
  wrapper_gcc.cpp
  wrapper_vcc.cpp
  workspace.cpp
  xml.cpp
  xmlanalyzer.cpp
  alwaystransition.cpp
  fsm.cpp
  fsmstate.cpp
  startcondition.cpp
  transitioncondition.cpp
  waitframesstate.cpp
  waitstate.cpp
  waittransition.cpp
  agentproperties.cpp
  agentstate.cpp
  正在生成代码...
  正在编译...
  htnmethod.cpp
  planner.cpp
  plannertask.cpp
  task.cpp
  network.cpp
  properties.cpp
  property.cpp
  正在生成代码...
MSVCRTD.lib(exe_main.obj) : error LNK2019: 无法解析的外部符号 _main，函数 "int __cdecl invoke_main(void)" (?invoke_main@@YAHXZ) 中引用了该符号
F:\kbe\kbengine-2.5.12\kbe\src\Debug\behaviac.exe : fatal error LNK1120: 1 个无法解析的外部命令
