f:\kbe\kbengine-2.5.12\kbe\src\lib\behaviac\debug\vc142.pdb
f:\kbe\kbengine-2.5.12\kbe\src\lib\behaviac\debug\vc142.idb
f:\kbe\kbengine-2.5.12\kbe\src\lib\behaviac\debug\waitframes.obj
f:\kbe\kbengine-2.5.12\kbe\src\lib\behaviac\debug\waitforsignal.obj
f:\kbe\kbengine-2.5.12\kbe\src\lib\behaviac\debug\wait.obj
f:\kbe\kbengine-2.5.12\kbe\src\lib\behaviac\debug\noop.obj
f:\kbe\kbengine-2.5.12\kbe\src\lib\behaviac\debug\end.obj
f:\kbe\kbengine-2.5.12\kbe\src\lib\behaviac\debug\compute.obj
f:\kbe\kbengine-2.5.12\kbe\src\lib\behaviac\debug\assignment.obj
f:\kbe\kbengine-2.5.12\kbe\src\lib\behaviac\debug\action.obj
f:\kbe\kbengine-2.5.12\kbe\src\lib\behaviac\debug\behaviortree_task.obj
f:\kbe\kbengine-2.5.12\kbe\src\lib\behaviac\debug\behaviortree.obj
f:\kbe\kbengine-2.5.12\kbe\src\lib\behaviac\debug\precondition.obj
f:\kbe\kbengine-2.5.12\kbe\src\lib\behaviac\debug\event.obj
f:\kbe\kbengine-2.5.12\kbe\src\lib\behaviac\debug\effector.obj
f:\kbe\kbengine-2.5.12\kbe\src\lib\behaviac\debug\attachaction.obj
f:\kbe\kbengine-2.5.12\kbe\src\lib\behaviac\debug\taskmethod.obj
f:\kbe\kbengine-2.5.12\kbe\src\lib\behaviac\debug\state_t.obj
f:\kbe\kbengine-2.5.12\kbe\src\lib\behaviac\debug\propertynode.obj
f:\kbe\kbengine-2.5.12\kbe\src\lib\behaviac\debug\namedevent.obj
f:\kbe\kbengine-2.5.12\kbe\src\lib\behaviac\debug\context.obj
f:\kbe\kbengine-2.5.12\kbe\src\lib\behaviac\debug\agent.obj
f:\kbe\kbengine-2.5.12\kbe\src\lib\behaviac\debug\decoratoralwayssuccess.obj
f:\kbe\kbengine-2.5.12\kbe\src\lib\behaviac\debug\decoratoralwaysrunning.obj
f:\kbe\kbengine-2.5.12\kbe\src\lib\behaviac\debug\decoratoralwaysfailure.obj
f:\kbe\kbengine-2.5.12\kbe\src\lib\behaviac\debug\true.obj
f:\kbe\kbengine-2.5.12\kbe\src\lib\behaviac\debug\or.obj
f:\kbe\kbengine-2.5.12\kbe\src\lib\behaviac\debug\false.obj
f:\kbe\kbengine-2.5.12\kbe\src\lib\behaviac\debug\conditionbase.obj
f:\kbe\kbengine-2.5.12\kbe\src\lib\behaviac\debug\condition.obj
f:\kbe\kbengine-2.5.12\kbe\src\lib\behaviac\debug\and.obj
f:\kbe\kbengine-2.5.12\kbe\src\lib\behaviac\debug\withprecondition.obj
f:\kbe\kbengine-2.5.12\kbe\src\lib\behaviac\debug\sequencestochastic.obj
f:\kbe\kbengine-2.5.12\kbe\src\lib\behaviac\debug\sequence.obj
f:\kbe\kbengine-2.5.12\kbe\src\lib\behaviac\debug\selectorstochastic.obj
f:\kbe\kbengine-2.5.12\kbe\src\lib\behaviac\debug\selectorprobability.obj
f:\kbe\kbengine-2.5.12\kbe\src\lib\behaviac\debug\selectorloop.obj
f:\kbe\kbengine-2.5.12\kbe\src\lib\behaviac\debug\selector.obj
f:\kbe\kbengine-2.5.12\kbe\src\lib\behaviac\debug\referencebehavior.obj
f:\kbe\kbengine-2.5.12\kbe\src\lib\behaviac\debug\parallel.obj
f:\kbe\kbengine-2.5.12\kbe\src\lib\behaviac\debug\ifelse.obj
f:\kbe\kbengine-2.5.12\kbe\src\lib\behaviac\debug\compositestochastic.obj
f:\kbe\kbengine-2.5.12\kbe\src\lib\behaviac\debug\file.obj
f:\kbe\kbengine-2.5.12\kbe\src\lib\behaviac\debug\factory.obj
f:\kbe\kbengine-2.5.12\kbe\src\lib\behaviac\debug\crc.obj
f:\kbe\kbengine-2.5.12\kbe\src\lib\behaviac\debug\convertutf.obj
f:\kbe\kbengine-2.5.12\kbe\src\lib\behaviac\debug\base.obj
f:\kbe\kbengine-2.5.12\kbe\src\lib\behaviac\debug\assert.obj
f:\kbe\kbengine-2.5.12\kbe\src\lib\behaviac\debug\registernodes.obj
f:\kbe\kbengine-2.5.12\kbe\src\lib\behaviac\debug\decoratorweight.obj
f:\kbe\kbengine-2.5.12\kbe\src\lib\behaviac\debug\decoratortime.obj
f:\kbe\kbengine-2.5.12\kbe\src\lib\behaviac\debug\decoratorsuccessuntil.obj
f:\kbe\kbengine-2.5.12\kbe\src\lib\behaviac\debug\decoratorrepeat.obj
f:\kbe\kbengine-2.5.12\kbe\src\lib\behaviac\debug\decoratornot.obj
f:\kbe\kbengine-2.5.12\kbe\src\lib\behaviac\debug\decoratorloopuntil.obj
f:\kbe\kbengine-2.5.12\kbe\src\lib\behaviac\debug\decoratorloop.obj
f:\kbe\kbengine-2.5.12\kbe\src\lib\behaviac\debug\decoratorlog.obj
f:\kbe\kbengine-2.5.12\kbe\src\lib\behaviac\debug\decoratoriterator.obj
f:\kbe\kbengine-2.5.12\kbe\src\lib\behaviac\debug\decoratorframes.obj
f:\kbe\kbengine-2.5.12\kbe\src\lib\behaviac\debug\decoratorfailureuntil.obj
f:\kbe\kbengine-2.5.12\kbe\src\lib\behaviac\debug\decoratorcountlimit.obj
f:\kbe\kbengine-2.5.12\kbe\src\lib\behaviac\debug\decoratorcount.obj
f:\kbe\kbengine-2.5.12\kbe\src\lib\behaviac\debug\stringutils.obj
f:\kbe\kbengine-2.5.12\kbe\src\lib\behaviac\debug\stringcrc.obj
f:\kbe\kbengine-2.5.12\kbe\src\lib\behaviac\debug\socketconnect_base.obj
f:\kbe\kbengine-2.5.12\kbe\src\lib\behaviac\debug\socketconnect.obj
f:\kbe\kbengine-2.5.12\kbe\src\lib\behaviac\debug\defaultsocketwrapper_vcc.obj
f:\kbe\kbengine-2.5.12\kbe\src\lib\behaviac\debug\defaultsocketwrapper_gcc.obj
f:\kbe\kbengine-2.5.12\kbe\src\lib\behaviac\debug\textnode.obj
f:\kbe\kbengine-2.5.12\kbe\src\lib\behaviac\debug\rttibase.obj
f:\kbe\kbengine-2.5.12\kbe\src\lib\behaviac\debug\randomgenerator.obj
f:\kbe\kbengine-2.5.12\kbe\src\lib\behaviac\debug\profiler.obj
f:\kbe\kbengine-2.5.12\kbe\src\lib\behaviac\debug\operation.obj
f:\kbe\kbengine-2.5.12\kbe\src\lib\behaviac\debug\tagobject.obj
f:\kbe\kbengine-2.5.12\kbe\src\lib\behaviac\debug\meta.obj
f:\kbe\kbengine-2.5.12\kbe\src\lib\behaviac\debug\memory.obj
f:\kbe\kbengine-2.5.12\kbe\src\lib\behaviac\debug\logmanager.obj
f:\kbe\kbengine-2.5.12\kbe\src\lib\behaviac\debug\logger.obj
f:\kbe\kbengine-2.5.12\kbe\src\lib\behaviac\debug\listfiles.obj
f:\kbe\kbengine-2.5.12\kbe\src\lib\behaviac\debug\filesystem_vcc.obj
f:\kbe\kbengine-2.5.12\kbe\src\lib\behaviac\debug\filesystem_gcc.obj
f:\kbe\kbengine-2.5.12\kbe\src\lib\behaviac\debug\filemanager.obj
f:\kbe\kbengine-2.5.12\kbe\src\lib\behaviac\debug\agentstate.obj
f:\kbe\kbengine-2.5.12\kbe\src\lib\behaviac\debug\agentproperties.obj
f:\kbe\kbengine-2.5.12\kbe\src\lib\behaviac\debug\waittransition.obj
f:\kbe\kbengine-2.5.12\kbe\src\lib\behaviac\debug\waitstate.obj
f:\kbe\kbengine-2.5.12\kbe\src\lib\behaviac\debug\waitframesstate.obj
f:\kbe\kbengine-2.5.12\kbe\src\lib\behaviac\debug\transitioncondition.obj
f:\kbe\kbengine-2.5.12\kbe\src\lib\behaviac\debug\startcondition.obj
f:\kbe\kbengine-2.5.12\kbe\src\lib\behaviac\debug\fsmstate.obj
f:\kbe\kbengine-2.5.12\kbe\src\lib\behaviac\debug\fsm.obj
f:\kbe\kbengine-2.5.12\kbe\src\lib\behaviac\debug\alwaystransition.obj
f:\kbe\kbengine-2.5.12\kbe\src\lib\behaviac\debug\xmlanalyzer.obj
f:\kbe\kbengine-2.5.12\kbe\src\lib\behaviac\debug\xml.obj
f:\kbe\kbengine-2.5.12\kbe\src\lib\behaviac\debug\workspace.obj
f:\kbe\kbengine-2.5.12\kbe\src\lib\behaviac\debug\wrapper_vcc.obj
f:\kbe\kbengine-2.5.12\kbe\src\lib\behaviac\debug\wrapper_gcc.obj
f:\kbe\kbengine-2.5.12\kbe\src\lib\behaviac\debug\wrapper.obj
f:\kbe\kbengine-2.5.12\kbe\src\lib\behaviac\debug\mutex_vcc.obj
f:\kbe\kbengine-2.5.12\kbe\src\lib\behaviac\debug\mutex_gcc.obj
f:\kbe\kbengine-2.5.12\kbe\src\lib\behaviac\debug\system_vcc.obj
f:\kbe\kbengine-2.5.12\kbe\src\lib\behaviac\debug\system_gcc.obj
f:\kbe\kbengine-2.5.12\kbe\src\lib\behaviac\debug\property.obj
f:\kbe\kbengine-2.5.12\kbe\src\lib\behaviac\debug\properties.obj
f:\kbe\kbengine-2.5.12\kbe\src\lib\behaviac\debug\network.obj
f:\kbe\kbengine-2.5.12\kbe\src\lib\behaviac\debug\task.obj
f:\kbe\kbengine-2.5.12\kbe\src\lib\behaviac\debug\plannertask.obj
f:\kbe\kbengine-2.5.12\kbe\src\lib\behaviac\debug\planner.obj
f:\kbe\kbengine-2.5.12\kbe\src\lib\behaviac\debug\htnmethod.obj
f:\kbe\kbengine-2.5.12\kbe\src\debug\behaviac.pdb
f:\kbe\kbengine-2.5.12\kbe\src\lib\behaviac\debug\behaviac.tlog\cl.command.1.tlog
f:\kbe\kbengine-2.5.12\kbe\src\lib\behaviac\debug\behaviac.tlog\cl.read.1.tlog
f:\kbe\kbengine-2.5.12\kbe\src\lib\behaviac\debug\behaviac.tlog\cl.write.1.tlog
f:\kbe\kbengine-2.5.12\kbe\src\lib\behaviac\debug\behaviac.tlog\link-cvtres.read.1.tlog
f:\kbe\kbengine-2.5.12\kbe\src\lib\behaviac\debug\behaviac.tlog\link-cvtres.write.1.tlog
f:\kbe\kbengine-2.5.12\kbe\src\lib\behaviac\debug\behaviac.tlog\link-rc.read.1.tlog
f:\kbe\kbengine-2.5.12\kbe\src\lib\behaviac\debug\behaviac.tlog\link-rc.write.1.tlog
f:\kbe\kbengine-2.5.12\kbe\src\lib\behaviac\debug\behaviac.tlog\link.command.1.tlog
f:\kbe\kbengine-2.5.12\kbe\src\lib\behaviac\debug\behaviac.tlog\link.read.1.tlog
f:\kbe\kbengine-2.5.12\kbe\src\lib\behaviac\debug\behaviac.tlog\link.write.1.tlog
